INFO - 2022-12-22 23:29:39,849 - protected class 1
INFO - 2022-12-22 23:49:22,029 - protected class 1
INFO - 2022-12-22 23:49:33,883 - protected class 1
WARNING - 2022-12-23 00:31:21,256 - This will logged a file
INFO - 2022-12-23 00:31:21,257 - information about a flat
ERROR - 2022-12-23 00:31:21,258 - name 'room' is not defined
Traceback (most recent call last):
  File "C:\Users\Home\PycharmProjects\import_questions\private.py", line 12, in __init__
    __self.room = room
                  ^^^^
NameError: name 'room' is not defined
WARNING - 2022-12-23 00:32:05,471 - This will logged a file
INFO - 2022-12-23 00:32:05,481 - information about a flat
ERROR - 2022-12-23 00:32:05,481 - name 'room' is not defined
Traceback (most recent call last):
  File "C:\Users\Home\PycharmProjects\import_questions\private.py", line 12, in __init__
    __self.room = room
                  ^^^^
NameError: name 'room' is not defined
WARNING - 2022-12-23 00:32:12,101 - This will logged a file
INFO - 2022-12-23 00:32:12,102 - information about a flat
ERROR - 2022-12-23 00:32:12,102 - name 'room' is not defined
Traceback (most recent call last):
  File "C:\Users\Home\PycharmProjects\import_questions\private.py", line 12, in __init__
    __self.room = room
                  ^^^^
NameError: name 'room' is not defined
WARNING - 2022-12-23 00:32:51,943 - This will logged a file
INFO - 2022-12-23 00:32:51,943 - information about a flat
ERROR - 2022-12-23 00:32:51,944 - name 'room' is not defined
Traceback (most recent call last):
  File "C:\Users\Home\PycharmProjects\import_questions\private.py", line 12, in __init__
    __self.room = room
                  ^^^^
NameError: name 'room' is not defined
WARNING - 2022-12-23 00:33:05,539 - This will logged a file
INFO - 2022-12-23 00:33:05,539 - information about a flat
ERROR - 2022-12-23 00:33:05,539 - name 'room' is not defined
Traceback (most recent call last):
  File "C:\Users\Home\PycharmProjects\import_questions\private.py", line 12, in __init__
    __self.room = room
                  ^^^^
NameError: name 'room' is not defined
WARNING - 2022-12-23 00:33:25,613 - This will logged a file
INFO - 2022-12-23 00:33:25,613 - information about a flat
ERROR - 2022-12-23 00:33:25,614 - name 'room' is not defined
Traceback (most recent call last):
  File "C:\Users\Home\PycharmProjects\import_questions\private.py", line 12, in __init__
    __self.room = room
                  ^^^^
NameError: name 'room' is not defined
WARNING - 2022-12-23 00:35:49,644 - This will logged a file
INFO - 2022-12-23 00:35:49,644 - information about a flat
ERROR - 2022-12-23 00:35:49,644 - name '_flat__room' is not defined
Traceback (most recent call last):
  File "C:\Users\Home\PycharmProjects\import_questions\private.py", line 12, in __init__
    self.room = __room
                ^^^^^^
NameError: name '_flat__room' is not defined
WARNING - 2022-12-23 00:46:47,174 - This will logged a file
INFO - 2022-12-23 00:46:47,175 - information about a flat
ERROR - 2022-12-23 00:46:47,175 - name '_flat__room' is not defined
Traceback (most recent call last):
  File "C:\Users\Home\PycharmProjects\import_questions\private.py", line 12, in __init__
    self.room = __room
                ^^^^^^
NameError: name '_flat__room' is not defined
WARNING - 2022-12-23 00:49:19,151 - This will logged a file
INFO - 2022-12-23 00:49:19,151 - information about a flat
ERROR - 2022-12-23 00:49:19,151 - name '_flat__room' is not defined
Traceback (most recent call last):
  File "C:\Users\Home\PycharmProjects\import_questions\private.py", line 12, in __init__
    self.room = __room
                ^^^^^^
NameError: name '_flat__room' is not defined
WARNING - 2022-12-23 00:49:35,021 - This will logged a file
INFO - 2022-12-23 00:49:35,021 - information about a flat
ERROR - 2022-12-23 00:49:35,022 - name '_flat__room' is not defined
Traceback (most recent call last):
  File "C:\Users\Home\PycharmProjects\import_questions\private.py", line 12, in __init__
    self.room = __room
                ^^^^^^
NameError: name '_flat__room' is not defined
